e:\dlibface\sourcebuild\x64\release\sourcebuild.pdb
e:\dlibface\sourcebuild\x64\release\jdatasrc.obj
e:\dlibface\sourcebuild\x64\release\jdatadst.obj
e:\dlibface\sourcebuild\x64\release\jdapistd.obj
e:\dlibface\sourcebuild\x64\release\jdapimin.obj
e:\dlibface\sourcebuild\x64\release\jcsample.obj
e:\dlibface\sourcebuild\x64\release\jcprepct.obj
e:\dlibface\sourcebuild\x64\release\jcphuff.obj
e:\dlibface\sourcebuild\x64\release\jcparam.obj
e:\dlibface\sourcebuild\x64\release\jcomapi.obj
e:\dlibface\sourcebuild\x64\release\jcmaster.obj
e:\dlibface\sourcebuild\x64\release\jcmarker.obj
e:\dlibface\sourcebuild\x64\release\jcmainct.obj
e:\dlibface\sourcebuild\x64\release\jcinit.obj
e:\dlibface\sourcebuild\x64\release\jchuff.obj
e:\dlibface\sourcebuild\x64\release\jcdctmgr.obj
e:\dlibface\sourcebuild\x64\release\jccolor.obj
e:\dlibface\sourcebuild\x64\release\jccoefct.obj
e:\dlibface\sourcebuild\x64\release\jcapistd.obj
e:\dlibface\sourcebuild\x64\release\jcapimin.obj
e:\dlibface\sourcebuild\x64\release\source.obj
e:\dlibface\sourcebuild\x64\release\jidctred.obj
e:\dlibface\sourcebuild\x64\release\jidctint.obj
e:\dlibface\sourcebuild\x64\release\jidctfst.obj
e:\dlibface\sourcebuild\x64\release\jidctflt.obj
e:\dlibface\sourcebuild\x64\release\jfdctint.obj
e:\dlibface\sourcebuild\x64\release\jfdctfst.obj
e:\dlibface\sourcebuild\x64\release\jfdctflt.obj
e:\dlibface\sourcebuild\x64\release\jerror.obj
e:\dlibface\sourcebuild\x64\release\jdsample.obj
e:\dlibface\sourcebuild\x64\release\jdpostct.obj
e:\dlibface\sourcebuild\x64\release\jdphuff.obj
e:\dlibface\sourcebuild\x64\release\jdmerge.obj
e:\dlibface\sourcebuild\x64\release\jdmaster.obj
e:\dlibface\sourcebuild\x64\release\jdmarker.obj
e:\dlibface\sourcebuild\x64\release\jdmainct.obj
e:\dlibface\sourcebuild\x64\release\jdinput.obj
e:\dlibface\sourcebuild\x64\release\jdhuff.obj
e:\dlibface\sourcebuild\x64\release\jddctmgr.obj
e:\dlibface\sourcebuild\x64\release\jdcolor.obj
e:\dlibface\sourcebuild\x64\release\jdcoefct.obj
e:\dlibface\sourcebuild\x64\release\jutils.obj
e:\dlibface\sourcebuild\x64\release\jquant2.obj
e:\dlibface\sourcebuild\x64\release\jquant1.obj
e:\dlibface\sourcebuild\x64\release\jmemnobs.obj
e:\dlibface\sourcebuild\x64\release\jmemmgr.obj
e:\dlibface\sourcebuild\x64\release\gzclose.obj
e:\dlibface\sourcebuild\x64\release\deflate.obj
e:\dlibface\sourcebuild\x64\release\crc32.obj
e:\dlibface\sourcebuild\x64\release\compress.obj
e:\dlibface\sourcebuild\x64\release\adler32.obj
e:\dlibface\sourcebuild\x64\release\pngwutil.obj
e:\dlibface\sourcebuild\x64\release\pngwtran.obj
e:\dlibface\sourcebuild\x64\release\pngwrite.obj
e:\dlibface\sourcebuild\x64\release\pngwio.obj
e:\dlibface\sourcebuild\x64\release\pngtrans.obj
e:\dlibface\sourcebuild\x64\release\pngset.obj
e:\dlibface\sourcebuild\x64\release\pngrutil.obj
e:\dlibface\sourcebuild\x64\release\pngrtran.obj
e:\dlibface\sourcebuild\x64\release\pngrio.obj
e:\dlibface\sourcebuild\x64\release\pngread.obj
e:\dlibface\sourcebuild\x64\release\pngpread.obj
e:\dlibface\sourcebuild\x64\release\pngmem.obj
e:\dlibface\sourcebuild\x64\release\pngget.obj
e:\dlibface\sourcebuild\x64\release\pngerror.obj
e:\dlibface\sourcebuild\x64\release\png.obj
e:\dlibface\sourcebuild\x64\release\zutil.obj
e:\dlibface\sourcebuild\x64\release\uncompr.obj
e:\dlibface\sourcebuild\x64\release\trees.obj
e:\dlibface\sourcebuild\x64\release\inftrees.obj
e:\dlibface\sourcebuild\x64\release\inflate.obj
e:\dlibface\sourcebuild\x64\release\inffast.obj
e:\dlibface\sourcebuild\x64\release\infback.obj
e:\dlibface\sourcebuild\x64\release\gzwrite.obj
e:\dlibface\sourcebuild\x64\release\gzread.obj
e:\dlibface\sourcebuild\x64\release\gzlib.obj
e:\dlibface\x64\release\dlib19.4.lib
e:\dlibface\sourcebuild\x64\release\sourcebuild.tlog\cl.command.1.tlog
e:\dlibface\sourcebuild\x64\release\sourcebuild.tlog\cl.read.1.tlog
e:\dlibface\sourcebuild\x64\release\sourcebuild.tlog\cl.write.1.tlog
e:\dlibface\sourcebuild\x64\release\sourcebuild.tlog\lib-link.read.1.tlog
e:\dlibface\sourcebuild\x64\release\sourcebuild.tlog\lib-link.write.1.tlog
e:\dlibface\sourcebuild\x64\release\sourcebuild.tlog\lib.command.1.tlog
